<?xml version="1.0" encoding="UTF-8"?>
<testsuite xmlns:xsi="http://www.w3.org/2001/XMLSchema-instance" xsi:noNamespaceSchemaLocation="https://maven.apache.org/surefire/maven-surefire-plugin/xsd/surefire-test-report-3.0.xsd" version="3.0" name="com.ai4kb.backend.skill.controller.SkillProtocolAdminControllerTest" time="0.65" tests="3" errors="0" skipped="0" failures="0">
  <properties>
[...]
</properties>
  <testcase name="deleteSkill_shouldRejectNonAdminRole" classname="com.ai4kb.backend.skill.controller.SkillProtocolAdminControllerTest" time="0.609"/>
  <testcase name="onlineSkill_shouldWorkForAdminRole" classname="com.ai4kb.backend.skill.controller.SkillProtocolAdminControllerTest" time="0.023"/>
  <testcase name="deleteSkill_shouldWorkForSuperAdminRole" classname="com.ai4kb.backend.skill.controller.SkillProtocolAdminControllerTest" time="0.001"/>
</testsuite>