<?xml version="1.0" encoding="UTF-8"?>
<testsuite xmlns:xsi="http://www.w3.org/2001/XMLSchema-instance" xsi:noNamespaceSchemaLocation="https://maven.apache.org/surefire/maven-surefire-plugin/xsd/surefire-test-report-3.0.xsd" version="3.0" name="com.ai4kb.backend.engine.service.EngineOrchestratorToolDraftTest" time="1.384" tests="39" errors="0" skipped="0" failures="0">
  <properties>
[...]
</properties>
  <testcase name="process_shouldUsePlannerRagRoute_whenPlannerReturnsRagDecision" classname="com.ai4kb.backend.engine.service.EngineOrchestratorToolDraftTest" time="1.038">
    <system-out><![CDATA[15:45:54.205 [main] INFO com.ai4kb.backend.engine.service.EngineOrchestrator -- route_sample: conversation_id=c1-2 user_id=1 source=PLANNER_ONLY chosen_route=RAG chosen_confidence=0.86 chosen_tool=null local_route=UNKNOWN local_confidence=0.0 planner_route=RAG planner_confidence=0.86 query=什么是半面积
15:45:54.207 [main] INFO com.ai4kb.backend.engine.service.EngineOrchestrator -- route_decision planner: route=RAG, confidence=0.86, tool=null, reason=, threshold=0.55, query=什么是半面积
]]></system-out>
  </testcase>
  <testcase name="process_shouldUseSkillDescriptionWithLogicFlow_whenIndicatorKnowledgeRagMiss" classname="com.ai4kb.backend.engine.service.EngineOrchestratorToolDraftTest" time="0.034">
    <system-out><![CDATA[15:45:54.260 [main] INFO com.ai4kb.backend.engine.service.EngineOrchestrator -- route_sample: conversation_id=c8-skill-fallback user_id=1 source=HYBRID_PLANNER_CONFIRMED chosen_route=RAG chosen_confidence=0.82 chosen_tool=null local_route=RAG local_confidence=0.82 planner_route=RAG planner_confidence=0.82 query=什么是指标校核
15:45:54.260 [main] INFO com.ai4kb.backend.engine.service.EngineOrchestrator -- route_decision planner: route=RAG, confidence=0.82, tool=null, reason=, threshold=0.55, query=什么是指标校核
]]></system-out>
  </testcase>
  <testcase name="process_shouldFallbackToLlm_whenRagReturnsFailurePayload" classname="com.ai4kb.backend.engine.service.EngineOrchestratorToolDraftTest" time="0.015">
    <system-out><![CDATA[15:45:54.281 [main] INFO com.ai4kb.backend.engine.service.EngineOrchestrator -- route_sample: conversation_id=c3 user_id=1 source=PLANNER_ONLY chosen_route=UNKNOWN chosen_confidence=0.0 chosen_tool=null local_route=UNKNOWN local_confidence=0.0 planner_route=UNKNOWN planner_confidence=0.0 query=半面积定义
15:45:54.281 [main] INFO com.ai4kb.backend.engine.service.EngineOrchestrator -- route_decision planner: route=UNKNOWN, confidence=0.0, tool=null, reason=, threshold=0.55, query=半面积定义
15:45:54.281 [main] INFO com.ai4kb.backend.engine.service.EngineOrchestrator -- route_decision fallback: reason=invalid_route route=UNKNOWN query=半面积定义
15:45:54.285 [main] INFO com.ai4kb.backend.engine.service.EngineOrchestrator -- route_decision fallback_hit: path=rag query=半面积定义
]]></system-out>
  </testcase>
  <testcase name="processAdvanced_shouldSplitCompositeTasksIntoIndependentPlanSteps_whenFallbackPlannerUsed" classname="com.ai4kb.backend.engine.service.EngineOrchestratorToolDraftTest" time="0.032"/>
  <testcase name="process_shouldReviewByPlanner_whenEnabledAndLocalToolDecisionIsHighRisk" classname="com.ai4kb.backend.engine.service.EngineOrchestratorToolDraftTest" time="0.013">
    <system-out><![CDATA[15:45:54.330 [main] INFO com.ai4kb.backend.engine.service.EngineOrchestrator -- route_sample: conversation_id=c1-local-2 user_id=1 source=HYBRID_PLANNER_CONFIRMED chosen_route=TOOL chosen_confidence=0.88 chosen_tool=cad_text_extractor_indicator_verification local_route=TOOL local_confidence=0.9 planner_route=TOOL planner_confidence=0.88 query=请帮我进行指标校核
15:45:54.330 [main] INFO com.ai4kb.backend.engine.service.EngineOrchestrator -- route_decision planner: route=TOOL, confidence=0.88, tool=cad_text_extractor_indicator_verification, reason=, threshold=0.55, query=请帮我进行指标校核
]]></system-out>
  </testcase>
  <testcase name="process_shouldUseRaceAndPickRag_whenPlannerRagConfidenceIsMedium" classname="com.ai4kb.backend.engine.service.EngineOrchestratorToolDraftTest" time="0.015">
    <system-out><![CDATA[15:45:54.342 [main] INFO com.ai4kb.backend.engine.service.EngineOrchestrator -- route_sample: conversation_id=c1-race-1 user_id=1 source=PLANNER_ONLY chosen_route=RAG chosen_confidence=0.6 chosen_tool=null local_route=UNKNOWN local_confidence=0.0 planner_route=RAG planner_confidence=0.6 query=什么是半面积
15:45:54.342 [main] INFO com.ai4kb.backend.engine.service.EngineOrchestrator -- route_decision planner: route=RAG, confidence=0.6, tool=null, reason=, threshold=0.55, query=什么是半面积
15:45:54.342 [main] INFO com.ai4kb.backend.engine.service.EngineOrchestrator -- route_decision race: route=RAG confidence=0.6 clarify_threshold=0.45 race_threshold=0.75 query=什么是半面积
15:45:54.353 [main] INFO com.ai4kb.backend.engine.service.EngineOrchestrator -- route_decision race_result: winner=RAG route=RAG confidence=0.6 rag_score=3 llm_score=1 query=什么是半面积
]]></system-out>
  </testcase>
  <testcase name="process_shouldUseRagLocalFallback_whenRagAndLlmUnavailable" classname="com.ai4kb.backend.engine.service.EngineOrchestratorToolDraftTest" time="0.005">
    <system-out><![CDATA[15:45:54.357 [main] INFO com.ai4kb.backend.engine.service.EngineOrchestrator -- route_sample: conversation_id=c8 user_id=1 source=PLANNER_ONLY chosen_route=UNKNOWN chosen_confidence=0.0 chosen_tool=null local_route=UNKNOWN local_confidence=0.0 planner_route=UNKNOWN planner_confidence=0.0 query=什么是半面积
15:45:54.357 [main] INFO com.ai4kb.backend.engine.service.EngineOrchestrator -- route_decision planner: route=UNKNOWN, confidence=0.0, tool=null, reason=, threshold=0.55, query=什么是半面积
15:45:54.357 [main] INFO com.ai4kb.backend.engine.service.EngineOrchestrator -- route_decision fallback: reason=invalid_route route=UNKNOWN query=什么是半面积
15:45:54.358 [main] INFO com.ai4kb.backend.engine.service.EngineOrchestrator -- route_decision fallback_hit: path=rag query=什么是半面积
]]></system-out>
  </testcase>
  <testcase name="processAdvanced_shouldEmitAnalysisPlanAndSummary_whenExecutingFlow" classname="com.ai4kb.backend.engine.service.EngineOrchestratorToolDraftTest" time="0.017"/>
  <testcase name="process_shouldPersistRouteSample_whenRouteSampleServiceInjected" classname="com.ai4kb.backend.engine.service.EngineOrchestratorToolDraftTest" time="0.025">
    <system-out><![CDATA[15:45:54.400 [main] INFO com.ai4kb.backend.engine.service.EngineOrchestrator -- route_sample: conversation_id=c1-route-sample user_id=1 source=PLANNER_ONLY chosen_route=TOOL chosen_confidence=0.9 chosen_tool=cad_text_extractor_indicator_verification local_route=UNKNOWN local_confidence=0.0 planner_route=TOOL planner_confidence=0.9 query=请帮我检查这份CAD图里的指标是否合规
15:45:54.400 [main] INFO com.ai4kb.backend.engine.service.EngineOrchestrator -- route_decision planner: route=TOOL, confidence=0.9, tool=cad_text_extractor_indicator_verification, reason=, threshold=0.55, query=请帮我检查这份CAD图里的指标是否合规
]]></system-out>
  </testcase>
  <testcase name="process_shouldUseDefaultThreshold_whenConfiguredThresholdIsInvalid" classname="com.ai4kb.backend.engine.service.EngineOrchestratorToolDraftTest" time="0.005">
    <system-out><![CDATA[15:45:54.406 [main] INFO com.ai4kb.backend.engine.service.EngineOrchestrator -- route_sample: conversation_id=c10 user_id=1 source=PLANNER_ONLY chosen_route=TOOL chosen_confidence=0.6 chosen_tool=cad_text_extractor_indicator_verification local_route=UNKNOWN local_confidence=0.0 planner_route=TOOL planner_confidence=0.6 query=请帮我检查这份CAD图里的指标是否合规
15:45:54.406 [main] INFO com.ai4kb.backend.engine.service.EngineOrchestrator -- route_decision planner: route=TOOL, confidence=0.6, tool=cad_text_extractor_indicator_verification, reason=, threshold=0.55, query=请帮我检查这份CAD图里的指标是否合规
]]></system-out>
  </testcase>
  <testcase name="process_shouldReturnToolDraft_whenLlmAutonomouslySelectsIndicatorSkill" classname="com.ai4kb.backend.engine.service.EngineOrchestratorToolDraftTest" time="0.006">
    <system-out><![CDATA[15:45:54.411 [main] INFO com.ai4kb.backend.engine.service.EngineOrchestrator -- route_sample: conversation_id=c5 user_id=1 source=PLANNER_ONLY chosen_route=UNKNOWN chosen_confidence=0.0 chosen_tool=null local_route=UNKNOWN local_confidence=0.0 planner_route=UNKNOWN planner_confidence=0.0 query=请帮我检查这份CAD图里的指标是否合规
15:45:54.411 [main] INFO com.ai4kb.backend.engine.service.EngineOrchestrator -- route_decision planner: route=UNKNOWN, confidence=0.0, tool=null, reason=, threshold=0.55, query=请帮我检查这份CAD图里的指标是否合规
15:45:54.411 [main] INFO com.ai4kb.backend.engine.service.EngineOrchestrator -- route_decision fallback: reason=invalid_route route=UNKNOWN query=请帮我检查这份CAD图里的指标是否合规
15:45:54.412 [main] INFO com.ai4kb.backend.engine.service.EngineOrchestrator -- route_decision fallback_hit: path=llm_tool_selector tool=cad_text_extractor_indicator_verification query=请帮我检查这份CAD图里的指标是否合规
]]></system-out>
  </testcase>
  <testcase name="processAdvanced_shouldExecuteThreeTasksAndContinueToFinalLlmSummary" classname="com.ai4kb.backend.engine.service.EngineOrchestratorToolDraftTest" time="0.014"/>
  <testcase name="processAdvanced_shouldUseModelUnavailableFallbackForNonGreetingLlmStep" classname="com.ai4kb.backend.engine.service.EngineOrchestratorToolDraftTest" time="0.009"/>
  <testcase name="process_shouldEmitReferencePayload_whenRagStreamReturnsAnswerThenReferenceOnlyChunk" classname="com.ai4kb.backend.engine.service.EngineOrchestratorToolDraftTest" time="0.005">
    <system-out><![CDATA[15:45:54.443 [main] INFO com.ai4kb.backend.engine.service.EngineOrchestrator -- route_sample: conversation_id=c11-rag-ref-tail user_id=1 source=HYBRID_PLANNER_CONFIRMED chosen_route=RAG chosen_confidence=0.82 chosen_tool=null local_route=RAG local_confidence=0.82 planner_route=RAG planner_confidence=0.82 query=如何进行半面积计算
15:45:54.443 [main] INFO com.ai4kb.backend.engine.service.EngineOrchestrator -- route_decision planner: route=RAG, confidence=0.82, tool=null, reason=, threshold=0.55, query=如何进行半面积计算
]]></system-out>
  </testcase>
  <testcase name="processAdvanced_shouldReturnPlanOnly_whenReplanOnlyEnabled" classname="com.ai4kb.backend.engine.service.EngineOrchestratorToolDraftTest" time="0.004"/>
  <testcase name="process_shouldUseLocalFallback_whenGeneralDialogueAndLlmUnavailable" classname="com.ai4kb.backend.engine.service.EngineOrchestratorToolDraftTest" time="0.003">
    <system-out><![CDATA[15:45:54.452 [main] INFO com.ai4kb.backend.engine.service.EngineOrchestrator -- route_sample: conversation_id=c4 user_id=1 source=PLANNER_ONLY chosen_route=UNKNOWN chosen_confidence=0.0 chosen_tool=null local_route=UNKNOWN local_confidence=0.0 planner_route=UNKNOWN planner_confidence=0.0 query=你好，你是谁
15:45:54.453 [main] INFO com.ai4kb.backend.engine.service.EngineOrchestrator -- route_decision planner: route=UNKNOWN, confidence=0.0, tool=null, reason=, threshold=0.55, query=你好，你是谁
15:45:54.453 [main] INFO com.ai4kb.backend.engine.service.EngineOrchestrator -- route_decision fallback: reason=invalid_route route=UNKNOWN query=你好，你是谁
15:45:54.453 [main] INFO com.ai4kb.backend.engine.service.EngineOrchestrator -- route_decision fallback_hit: path=general_chat query=你好，你是谁
]]></system-out>
  </testcase>
  <testcase name="processAdvanced_shouldCountAnalysisStepsByPlanStepInsteadOfRagChunks" classname="com.ai4kb.backend.engine.service.EngineOrchestratorToolDraftTest" time="0.009"/>
  <testcase name="process_shouldReturnToolDraft_whenQueryContainsIndicatorVerificationText" classname="com.ai4kb.backend.engine.service.EngineOrchestratorToolDraftTest" time="0.004">
    <system-out><![CDATA[15:45:54.465 [main] INFO com.ai4kb.backend.engine.service.EngineOrchestrator -- route_sample: conversation_id=c1 user_id=1 source=PLANNER_ONLY chosen_route=UNKNOWN chosen_confidence=0.0 chosen_tool=null local_route=UNKNOWN local_confidence=0.0 planner_route=UNKNOWN planner_confidence=0.0 query=帮我进行指标校核
15:45:54.466 [main] INFO com.ai4kb.backend.engine.service.EngineOrchestrator -- route_decision planner: route=UNKNOWN, confidence=0.0, tool=null, reason=, threshold=0.55, query=帮我进行指标校核
15:45:54.466 [main] INFO com.ai4kb.backend.engine.service.EngineOrchestrator -- route_decision fallback: reason=invalid_route route=UNKNOWN query=帮我进行指标校核
15:45:54.466 [main] INFO com.ai4kb.backend.engine.service.EngineOrchestrator -- route_decision fallback_hit: path=keyword_tool tool=cad_text_extractor_indicator_verification query=帮我进行指标校核
]]></system-out>
  </testcase>
  <testcase name="process_shouldUseRaceAndPickChat_whenRagUnavailable" classname="com.ai4kb.backend.engine.service.EngineOrchestratorToolDraftTest" time="0.003">
    <system-out><![CDATA[15:45:54.471 [main] INFO com.ai4kb.backend.engine.service.EngineOrchestrator -- route_sample: conversation_id=c1-race-2 user_id=1 source=PLANNER_ONLY chosen_route=CHAT chosen_confidence=0.62 chosen_tool=null local_route=UNKNOWN local_confidence=0.0 planner_route=CHAT planner_confidence=0.62 query=你怎么看这个问题
15:45:54.471 [main] INFO com.ai4kb.backend.engine.service.EngineOrchestrator -- route_decision planner: route=CHAT, confidence=0.62, tool=null, reason=, threshold=0.55, query=你怎么看这个问题
15:45:54.471 [main] INFO com.ai4kb.backend.engine.service.EngineOrchestrator -- route_decision race: route=CHAT confidence=0.62 clarify_threshold=0.45 race_threshold=0.75 query=你怎么看这个问题
15:45:54.472 [main] INFO com.ai4kb.backend.engine.service.EngineOrchestrator -- route_decision race_result: winner=CHAT route=CHAT confidence=0.62 rag_score=0 llm_score=1 query=你怎么看这个问题
]]></system-out>
  </testcase>
  <testcase name="process_shouldUseRag_whenNoSkillMatched" classname="com.ai4kb.backend.engine.service.EngineOrchestratorToolDraftTest" time="0.004">
    <system-out><![CDATA[15:45:54.474 [main] INFO com.ai4kb.backend.engine.service.EngineOrchestrator -- route_sample: conversation_id=c2 user_id=1 source=PLANNER_ONLY chosen_route=UNKNOWN chosen_confidence=0.0 chosen_tool=null local_route=UNKNOWN local_confidence=0.0 planner_route=UNKNOWN planner_confidence=0.0 query=什么是半面积
15:45:54.474 [main] INFO com.ai4kb.backend.engine.service.EngineOrchestrator -- route_decision planner: route=UNKNOWN, confidence=0.0, tool=null, reason=, threshold=0.55, query=什么是半面积
15:45:54.474 [main] INFO com.ai4kb.backend.engine.service.EngineOrchestrator -- route_decision fallback: reason=invalid_route route=UNKNOWN query=什么是半面积
15:45:54.475 [main] INFO com.ai4kb.backend.engine.service.EngineOrchestrator -- route_decision fallback_hit: path=rag query=什么是半面积
]]></system-out>
  </testcase>
  <testcase name="process_shouldUseLocalRouterDirect_whenEnabledAndGeneralDialogue" classname="com.ai4kb.backend.engine.service.EngineOrchestratorToolDraftTest" time="0.002">
    <system-out><![CDATA[15:45:54.478 [main] INFO com.ai4kb.backend.engine.service.EngineOrchestrator -- route_sample: conversation_id=c1-local-1 user_id=1 source=LOCAL_DIRECT chosen_route=CHAT chosen_confidence=0.92 chosen_tool=null local_route=CHAT local_confidence=0.92 planner_route=UNKNOWN planner_confidence=0.0 query=你好，你是谁
15:45:54.478 [main] INFO com.ai4kb.backend.engine.service.EngineOrchestrator -- route_decision planner: route=CHAT, confidence=0.92, tool=null, reason=local_general_dialogue, threshold=0.55, query=你好，你是谁
]]></system-out>
  </testcase>
  <testcase name="process_shouldRespectConfiguredHighToolThreshold_whenPlannerReturnsToolDecision" classname="com.ai4kb.backend.engine.service.EngineOrchestratorToolDraftTest" time="0.004">
    <system-out><![CDATA[15:45:54.482 [main] INFO com.ai4kb.backend.engine.service.EngineOrchestrator -- route_sample: conversation_id=c9 user_id=1 source=PLANNER_ONLY chosen_route=TOOL chosen_confidence=0.9 chosen_tool=cad_text_extractor_indicator_verification local_route=UNKNOWN local_confidence=0.0 planner_route=TOOL planner_confidence=0.9 query=解释半面积的定义
15:45:54.482 [main] INFO com.ai4kb.backend.engine.service.EngineOrchestrator -- route_decision planner: route=TOOL, confidence=0.9, tool=cad_text_extractor_indicator_verification, reason=, threshold=0.95, query=解释半面积的定义
15:45:54.482 [main] INFO com.ai4kb.backend.engine.service.EngineOrchestrator -- route_decision fallback: reason=tool_low_confidence confidence=0.9 threshold=0.95 query=解释半面积的定义
15:45:54.483 [main] INFO com.ai4kb.backend.engine.service.EngineOrchestrator -- route_decision fallback_hit: path=rag query=解释半面积的定义
]]></system-out>
  </testcase>
  <testcase name="processAdvanced_shouldNormalizeMiddleRerunAndKeepEditedStepFields_whenReplanOnlyEnabled" classname="com.ai4kb.backend.engine.service.EngineOrchestratorToolDraftTest" time="0.005"/>
  <testcase name="process_shouldEmitClarify_whenPlannerToolDecisionConfidenceIsLow" classname="com.ai4kb.backend.engine.service.EngineOrchestratorToolDraftTest" time="0.003">
    <system-out><![CDATA[15:45:54.491 [main] INFO com.ai4kb.backend.engine.service.EngineOrchestrator -- route_sample: conversation_id=c1-3 user_id=1 source=PLANNER_ONLY chosen_route=TOOL chosen_confidence=0.2 chosen_tool=cad_text_extractor_indicator_verification local_route=UNKNOWN local_confidence=0.0 planner_route=TOOL planner_confidence=0.2 query=解释半面积的定义
15:45:54.491 [main] INFO com.ai4kb.backend.engine.service.EngineOrchestrator -- route_decision planner: route=TOOL, confidence=0.2, tool=cad_text_extractor_indicator_verification, reason=, threshold=0.55, query=解释半面积的定义
15:45:54.492 [main] INFO com.ai4kb.backend.engine.service.EngineOrchestrator -- route_decision clarify: route=TOOL confidence=0.2 clarify_threshold=0.45 query=解释半面积的定义
]]></system-out>
  </testcase>
  <testcase name="process_shouldRouteKnowledgeQueriesToRag_whenLocalRouterEnabled" classname="com.ai4kb.backend.engine.service.EngineOrchestratorToolDraftTest" time="0.005">
    <system-out><![CDATA[15:45:54.495 [main] INFO com.ai4kb.backend.engine.service.EngineOrchestrator -- route_sample: conversation_id=c1-local-case-4 user_id=1 source=LOCAL_FALLBACK chosen_route=RAG chosen_confidence=0.82 chosen_tool=null local_route=RAG local_confidence=0.82 planner_route=UNKNOWN planner_confidence=0.0 query=什么是大模型
15:45:54.496 [main] INFO com.ai4kb.backend.engine.service.EngineOrchestrator -- route_decision planner: route=RAG, confidence=0.82, tool=null, reason=local_knowledge_question, threshold=0.55, query=什么是大模型
15:45:54.497 [main] INFO com.ai4kb.backend.engine.service.EngineOrchestrator -- route_sample: conversation_id=c1-local-case-5 user_id=1 source=LOCAL_FALLBACK chosen_route=RAG chosen_confidence=0.82 chosen_tool=null local_route=RAG local_confidence=0.82 planner_route=UNKNOWN planner_confidence=0.0 query=如何进行半面积计算
15:45:54.497 [main] INFO com.ai4kb.backend.engine.service.EngineOrchestrator -- route_decision planner: route=RAG, confidence=0.82, tool=null, reason=local_knowledge_question, threshold=0.55, query=如何进行半面积计算
]]></system-out>
  </testcase>
  <testcase name="process_shouldRouteIndicatorPhrasesDifferently_whenLocalRouterEnabled" classname="com.ai4kb.backend.engine.service.EngineOrchestratorToolDraftTest" time="0.007">
    <system-out><![CDATA[15:45:54.501 [main] INFO com.ai4kb.backend.engine.service.EngineOrchestrator -- route_sample: conversation_id=c1-local-case-1 user_id=1 source=LOCAL_FALLBACK chosen_route=RAG chosen_confidence=0.82 chosen_tool=null local_route=RAG local_confidence=0.82 planner_route=UNKNOWN planner_confidence=0.0 query=什么是指标校核
15:45:54.501 [main] INFO com.ai4kb.backend.engine.service.EngineOrchestrator -- route_decision planner: route=RAG, confidence=0.82, tool=null, reason=local_knowledge_question, threshold=0.55, query=什么是指标校核
15:45:54.502 [main] INFO com.ai4kb.backend.engine.service.EngineOrchestrator -- route_sample: conversation_id=c1-local-case-2 user_id=1 source=LOCAL_FALLBACK chosen_route=TOOL chosen_confidence=0.9 chosen_tool=cad_text_extractor_indicator_verification local_route=TOOL local_confidence=0.9 planner_route=UNKNOWN planner_confidence=0.0 query=请使用指标校核
15:45:54.503 [main] INFO com.ai4kb.backend.engine.service.EngineOrchestrator -- route_decision planner: route=TOOL, confidence=0.9, tool=cad_text_extractor_indicator_verification, reason=local_keyword_match, threshold=0.55, query=请使用指标校核
15:45:54.505 [main] INFO com.ai4kb.backend.engine.service.EngineOrchestrator -- route_sample: conversation_id=c1-local-case-3 user_id=1 source=LOCAL_FALLBACK chosen_route=TOOL chosen_confidence=0.9 chosen_tool=cad_text_extractor_indicator_verification local_route=TOOL local_confidence=0.9 planner_route=UNKNOWN planner_confidence=0.0 query=请帮我指标校核
15:45:54.505 [main] INFO com.ai4kb.backend.engine.service.EngineOrchestrator -- route_decision planner: route=TOOL, confidence=0.9, tool=cad_text_extractor_indicator_verification, reason=local_keyword_match, threshold=0.55, query=请帮我指标校核
]]></system-out>
  </testcase>
  <testcase name="processAdvanced_shouldExecutePlanStepsSequentiallyAndContinueAfterToolDraft" classname="com.ai4kb.backend.engine.service.EngineOrchestratorToolDraftTest" time="0.008"/>
  <testcase name="process_shouldEmitClarify_whenPlannerRagDecisionConfidenceIsLow" classname="com.ai4kb.backend.engine.service.EngineOrchestratorToolDraftTest" time="0.003">
    <system-out><![CDATA[15:45:54.517 [main] INFO com.ai4kb.backend.engine.service.EngineOrchestrator -- route_sample: conversation_id=c1-4 user_id=1 source=PLANNER_ONLY chosen_route=RAG chosen_confidence=0.3 chosen_tool=null local_route=UNKNOWN local_confidence=0.0 planner_route=RAG planner_confidence=0.3 query=什么是半面积
15:45:54.517 [main] INFO com.ai4kb.backend.engine.service.EngineOrchestrator -- route_decision planner: route=RAG, confidence=0.3, tool=null, reason=, threshold=0.55, query=什么是半面积
15:45:54.517 [main] INFO com.ai4kb.backend.engine.service.EngineOrchestrator -- route_decision clarify: route=RAG confidence=0.3 clarify_threshold=0.45 query=什么是半面积
]]></system-out>
  </testcase>
  <testcase name="process_shouldUsePlannerToolRoute_whenPlannerReturnsToolDecision" classname="com.ai4kb.backend.engine.service.EngineOrchestratorToolDraftTest" time="0.003">
    <system-out><![CDATA[15:45:54.520 [main] INFO com.ai4kb.backend.engine.service.EngineOrchestrator -- route_sample: conversation_id=c1-1 user_id=1 source=PLANNER_ONLY chosen_route=TOOL chosen_confidence=0.9 chosen_tool=cad_text_extractor_indicator_verification local_route=UNKNOWN local_confidence=0.0 planner_route=TOOL planner_confidence=0.9 query=请帮我检查这份CAD图里的指标是否合规
15:45:54.520 [main] INFO com.ai4kb.backend.engine.service.EngineOrchestrator -- route_decision planner: route=TOOL, confidence=0.9, tool=cad_text_extractor_indicator_verification, reason=, threshold=0.55, query=请帮我检查这份CAD图里的指标是否合规
]]></system-out>
  </testcase>
  <testcase name="process_shouldFallbackToLlmAnswer_whenRagReturnsEmptyPayload" classname="com.ai4kb.backend.engine.service.EngineOrchestratorToolDraftTest" time="0.003">
    <system-out><![CDATA[15:45:54.524 [main] INFO com.ai4kb.backend.engine.service.EngineOrchestrator -- route_sample: conversation_id=c8-empty user_id=1 source=LOCAL_DIRECT chosen_route=RAG chosen_confidence=0.82 chosen_tool=null local_route=RAG local_confidence=0.82 planner_route=UNKNOWN planner_confidence=0.0 query=什么是半面积
15:45:54.524 [main] INFO com.ai4kb.backend.engine.service.EngineOrchestrator -- route_decision planner: route=RAG, confidence=0.82, tool=null, reason=local_knowledge_question, threshold=0.55, query=什么是半面积
]]></system-out>
  </testcase>
  <testcase name="process_shouldFallbackToToolWhenPlannerUnknownButQueryContainsExplicitToolAction" classname="com.ai4kb.backend.engine.service.EngineOrchestratorToolDraftTest" time="0.004">
    <system-out><![CDATA[15:45:54.528 [main] INFO com.ai4kb.backend.engine.service.EngineOrchestrator -- route_sample: conversation_id=c18-fallback-tool user_id=1 source=PLANNER_ONLY chosen_route=UNKNOWN chosen_confidence=0.0 chosen_tool=null local_route=UNKNOWN local_confidence=0.0 planner_route=UNKNOWN planner_confidence=0.0 query=请先解释指标校核，再调用指标校核工具
15:45:54.528 [main] INFO com.ai4kb.backend.engine.service.EngineOrchestrator -- route_decision planner: route=UNKNOWN, confidence=0.0, tool=null, reason=, threshold=0.55, query=请先解释指标校核，再调用指标校核工具
15:45:54.528 [main] INFO com.ai4kb.backend.engine.service.EngineOrchestrator -- route_decision fallback: reason=invalid_route route=UNKNOWN query=请先解释指标校核，再调用指标校核工具
15:45:54.528 [main] INFO com.ai4kb.backend.engine.service.EngineOrchestrator -- route_decision fallback_hit: path=explicit_tool tool=cad_text_extractor_indicator_verification query=请先解释指标校核，再调用指标校核工具
]]></system-out>
  </testcase>
  <testcase name="process_shouldFallbackToLlm_whenRagReturnsStreamingGenericError" classname="com.ai4kb.backend.engine.service.EngineOrchestratorToolDraftTest" time="0.005">
    <system-out><![CDATA[15:45:54.532 [main] INFO com.ai4kb.backend.engine.service.EngineOrchestrator -- route_sample: conversation_id=c6 user_id=1 source=PLANNER_ONLY chosen_route=UNKNOWN chosen_confidence=0.0 chosen_tool=null local_route=UNKNOWN local_confidence=0.0 planner_route=UNKNOWN planner_confidence=0.0 query=什么是半面积
15:45:54.532 [main] INFO com.ai4kb.backend.engine.service.EngineOrchestrator -- route_decision planner: route=UNKNOWN, confidence=0.0, tool=null, reason=, threshold=0.55, query=什么是半面积
15:45:54.532 [main] INFO com.ai4kb.backend.engine.service.EngineOrchestrator -- route_decision fallback: reason=invalid_route route=UNKNOWN query=什么是半面积
15:45:54.532 [main] INFO com.ai4kb.backend.engine.service.EngineOrchestrator -- route_decision fallback_hit: path=rag query=什么是半面积
]]></system-out>
  </testcase>
  <testcase name="process_shouldGenerateGroundedAnswer_whenRagReturnsReferenceOnlyPayload" classname="com.ai4kb.backend.engine.service.EngineOrchestratorToolDraftTest" time="0.007">
    <system-out><![CDATA[15:45:54.537 [main] INFO com.ai4kb.backend.engine.service.EngineOrchestrator -- route_sample: conversation_id=c8-ref-only user_id=1 source=LOCAL_FALLBACK chosen_route=RAG chosen_confidence=0.82 chosen_tool=null local_route=RAG local_confidence=0.82 planner_route=UNKNOWN planner_confidence=0.0 query=如何进行半面积计算
15:45:54.537 [main] INFO com.ai4kb.backend.engine.service.EngineOrchestrator -- route_decision planner: route=RAG, confidence=0.82, tool=null, reason=local_knowledge_question, threshold=0.55, query=如何进行半面积计算
]]></system-out>
  </testcase>
  <testcase name="process_shouldPreferToolWhenPlannerReturnsToolForMixedKnowledgeAndActionQuery" classname="com.ai4kb.backend.engine.service.EngineOrchestratorToolDraftTest" time="0.004">
    <system-out><![CDATA[15:45:54.544 [main] INFO com.ai4kb.backend.engine.service.EngineOrchestrator -- route_sample: conversation_id=c17-tool-priority user_id=1 source=PLANNER_ONLY chosen_route=TOOL chosen_confidence=0.95 chosen_tool=cad_text_extractor_indicator_verification local_route=UNKNOWN local_confidence=0.0 planner_route=TOOL planner_confidence=0.95 query=查找指标校核工具怎么用，并调用指标校核工具
15:45:54.545 [main] INFO com.ai4kb.backend.engine.service.EngineOrchestrator -- route_decision planner: route=TOOL, confidence=0.95, tool=cad_text_extractor_indicator_verification, reason=, threshold=0.55, query=查找指标校核工具怎么用，并调用指标校核工具
]]></system-out>
  </testcase>
  <testcase name="processAdvanced_shouldRebuildAtomicPlanWhenPlannerReturnsSameCompositeQueryForAllSteps" classname="com.ai4kb.backend.engine.service.EngineOrchestratorToolDraftTest" time="0.007"/>
  <testcase name="processAdvanced_shouldMergeEditedStepByStepNo_whenPlannerReturnsPlan" classname="com.ai4kb.backend.engine.service.EngineOrchestratorToolDraftTest" time="0.004"/>
  <testcase name="process_shouldReturnToolDraft_whenLlmUnavailableButHeuristicMatchesIndicatorSkill" classname="com.ai4kb.backend.engine.service.EngineOrchestratorToolDraftTest" time="0.004">
    <system-out><![CDATA[15:45:54.560 [main] INFO com.ai4kb.backend.engine.service.EngineOrchestrator -- route_sample: conversation_id=c7 user_id=1 source=PLANNER_ONLY chosen_route=UNKNOWN chosen_confidence=0.0 chosen_tool=null local_route=UNKNOWN local_confidence=0.0 planner_route=UNKNOWN planner_confidence=0.0 query=请帮我检查这份CAD图里的指标是否合规
15:45:54.560 [main] INFO com.ai4kb.backend.engine.service.EngineOrchestrator -- route_decision planner: route=UNKNOWN, confidence=0.0, tool=null, reason=, threshold=0.55, query=请帮我检查这份CAD图里的指标是否合规
15:45:54.560 [main] INFO com.ai4kb.backend.engine.service.EngineOrchestrator -- route_decision fallback: reason=invalid_route route=UNKNOWN query=请帮我检查这份CAD图里的指标是否合规
15:45:54.561 [main] INFO com.ai4kb.backend.engine.service.EngineOrchestrator -- route_decision fallback_hit: path=heuristic_tool tool=cad_text_extractor_indicator_verification query=请帮我检查这份CAD图里的指标是否合规
]]></system-out>
  </testcase>
  <testcase name="processAdvanced_shouldTrySkillThenFallbackToRagWhenSkillNotFound" classname="com.ai4kb.backend.engine.service.EngineOrchestratorToolDraftTest" time="0.008"/>
  <testcase name="processToolApproval_shouldEmitToolResultBeforeDone" classname="com.ai4kb.backend.engine.service.EngineOrchestratorToolDraftTest" time="0.003"/>
</testsuite>